<?xml version="1.0" encoding="UTF-8"?>
<!-- Generated by org.testng.reporters.JUnitReportReporter -->
<testsuite hostname="DESKTOP-PHRKUKK" failures="0" tests="3" name="com.solvd.university.test.TestNG" time="0.017" errors="0" timestamp="2022-01-19T21:40:51 EST" skipped="0">
  <testcase classname="com.solvd.university.test.TestNG" name="testOne" time="0.009"/>
  <system-out/>
  <testcase classname="com.solvd.university.test.TestNG" name="testThree" time="0.003"/>
  <system-out/>
  <testcase classname="com.solvd.university.test.TestNG" name="testTwo" time="0.005"/>
  <system-out/>
</testsuite> <!-- com.solvd.university.test.TestNG -->
